{"name":"hexo","hostname":"DESKTOP-5L7BGAJ","pid":53864,"level":20,"msg":"Hexo version: 3.2.2","time":"2016-12-23T09:13:44.678Z","v":0}
{"name":"hexo","hostname":"DESKTOP-5L7BGAJ","pid":53864,"level":20,"msg":"Working directory: ~\\Documents\\Blog\\Hexo\\","time":"2016-12-23T09:13:44.680Z","v":0}
{"name":"hexo","hostname":"DESKTOP-5L7BGAJ","pid":53864,"level":20,"msg":"Config loaded: ~\\Documents\\Blog\\Hexo\\_config.yml","time":"2016-12-23T09:13:44.852Z","v":0}
{"name":"hexo","hostname":"DESKTOP-5L7BGAJ","pid":53864,"level":20,"msg":"Script loaded: themes\\landscape\\scripts\\fancybox.js","time":"2016-12-23T09:13:44.871Z","v":0}
{"name":"hexo","hostname":"DESKTOP-5L7BGAJ","pid":53864,"level":20,"msg":"Plugin loaded: hexo-deployer-git","time":"2016-12-23T09:13:44.877Z","v":0}
{"name":"hexo","hostname":"DESKTOP-5L7BGAJ","pid":53864,"level":20,"msg":"Plugin loaded: hexo-deployer-heroku","time":"2016-12-23T09:13:44.879Z","v":0}
{"name":"hexo","hostname":"DESKTOP-5L7BGAJ","pid":53864,"level":20,"msg":"Plugin loaded: hexo-deployer-openshift","time":"2016-12-23T09:13:44.881Z","v":0}
{"name":"hexo","hostname":"DESKTOP-5L7BGAJ","pid":53864,"level":20,"msg":"Plugin loaded: hexo-deployer-rsync","time":"2016-12-23T09:13:44.882Z","v":0}
{"name":"hexo","hostname":"DESKTOP-5L7BGAJ","pid":53864,"level":20,"msg":"Plugin loaded: hexo-generator-archive","time":"2016-12-23T09:13:44.887Z","v":0}
{"name":"hexo","hostname":"DESKTOP-5L7BGAJ","pid":53864,"level":20,"msg":"Plugin loaded: hexo-generator-category","time":"2016-12-23T09:13:44.890Z","v":0}
{"name":"hexo","hostname":"DESKTOP-5L7BGAJ","pid":53864,"level":20,"msg":"Plugin loaded: hexo-generator-feed","time":"2016-12-23T09:13:44.895Z","v":0}
{"name":"hexo","hostname":"DESKTOP-5L7BGAJ","pid":53864,"level":20,"msg":"Plugin loaded: hexo-generator-index","time":"2016-12-23T09:13:44.896Z","v":0}
{"name":"hexo","hostname":"DESKTOP-5L7BGAJ","pid":53864,"level":20,"msg":"Plugin loaded: hexo-generator-sitemap","time":"2016-12-23T09:13:44.901Z","v":0}
{"name":"hexo","hostname":"DESKTOP-5L7BGAJ","pid":53864,"level":20,"msg":"Plugin loaded: hexo-generator-tag","time":"2016-12-23T09:13:44.903Z","v":0}
{"name":"hexo","hostname":"DESKTOP-5L7BGAJ","pid":53864,"level":20,"msg":"Plugin loaded: hexo-renderer-ejs","time":"2016-12-23T09:13:44.908Z","v":0}
{"name":"hexo","hostname":"DESKTOP-5L7BGAJ","pid":53864,"level":20,"msg":"Plugin loaded: hexo-renderer-marked","time":"2016-12-23T09:13:44.914Z","v":0}
{"name":"hexo","hostname":"DESKTOP-5L7BGAJ","pid":53864,"level":20,"msg":"Plugin loaded: hexo-renderer-stylus","time":"2016-12-23T09:13:45.157Z","v":0}
{"name":"hexo","hostname":"DESKTOP-5L7BGAJ","pid":53864,"level":20,"msg":"Plugin loaded: hexo-server","time":"2016-12-23T09:13:45.313Z","v":0}
{"name":"hexo","hostname":"DESKTOP-5L7BGAJ","pid":53864,"level":20,"msg":"Loading database.","time":"2016-12-23T09:13:45.326Z","v":0}
{"name":"hexo","hostname":"DESKTOP-5L7BGAJ","pid":53864,"level":30,"msg":"Start processing","time":"2016-12-23T09:13:45.380Z","v":0}
{"name":"hexo","hostname":"DESKTOP-5L7BGAJ","pid":53864,"level":20,"msg":"Processed: Statiffile","time":"2016-12-23T09:13:45.416Z","v":0}
{"name":"hexo","hostname":"DESKTOP-5L7BGAJ","pid":53864,"level":20,"msg":"Processed: CNAME.txt","time":"2016-12-23T09:13:45.429Z","v":0}
{"name":"hexo","hostname":"DESKTOP-5L7BGAJ","pid":53864,"level":20,"msg":"Processed: _posts/hello-world.md","time":"2016-12-23T09:13:45.463Z","v":0}
{"name":"hexo","hostname":"DESKTOP-5L7BGAJ","pid":53864,"level":20,"msg":"Theme config loaded.","time":"2016-12-23T09:13:45.679Z","v":0}
{"name":"hexo","hostname":"DESKTOP-5L7BGAJ","pid":53864,"level":20,"msg":"Processed: _config.yml","time":"2016-12-23T09:13:45.680Z","v":0}
{"name":"hexo","hostname":"DESKTOP-5L7BGAJ","pid":53864,"level":20,"msg":"Processed: source/css/style.styl","time":"2016-12-23T09:13:45.691Z","v":0}
{"name":"hexo","hostname":"DESKTOP-5L7BGAJ","pid":53864,"level":20,"msg":"Processed: source/fancybox/blank.gif","time":"2016-12-23T09:13:45.691Z","v":0}
{"name":"hexo","hostname":"DESKTOP-5L7BGAJ","pid":53864,"level":20,"msg":"Processed: source/fancybox/fancybox_loading.gif","time":"2016-12-23T09:13:45.692Z","v":0}
{"name":"hexo","hostname":"DESKTOP-5L7BGAJ","pid":53864,"level":20,"msg":"Processed: source/fancybox/fancybox_loading@2x.gif","time":"2016-12-23T09:13:45.694Z","v":0}
{"name":"hexo","hostname":"DESKTOP-5L7BGAJ","pid":53864,"level":20,"msg":"Processed: source/fancybox/fancybox_overlay.png","time":"2016-12-23T09:13:45.695Z","v":0}
{"name":"hexo","hostname":"DESKTOP-5L7BGAJ","pid":53864,"level":20,"msg":"Processed: source/fancybox/fancybox_sprite.png","time":"2016-12-23T09:13:45.695Z","v":0}
{"name":"hexo","hostname":"DESKTOP-5L7BGAJ","pid":53864,"level":20,"msg":"Processed: source/fancybox/fancybox_sprite@2x.png","time":"2016-12-23T09:13:45.697Z","v":0}
{"name":"hexo","hostname":"DESKTOP-5L7BGAJ","pid":53864,"level":20,"msg":"Processed: source/fancybox/jquery.fancybox.css","time":"2016-12-23T09:13:45.702Z","v":0}
{"name":"hexo","hostname":"DESKTOP-5L7BGAJ","pid":53864,"level":20,"msg":"Processed: source/fancybox/jquery.fancybox.js","time":"2016-12-23T09:13:45.706Z","v":0}
{"name":"hexo","hostname":"DESKTOP-5L7BGAJ","pid":53864,"level":20,"msg":"Processed: source/fancybox/jquery.fancybox.pack.js","time":"2016-12-23T09:13:45.707Z","v":0}
{"name":"hexo","hostname":"DESKTOP-5L7BGAJ","pid":53864,"level":20,"msg":"Processed: source/js/script.js","time":"2016-12-23T09:13:45.707Z","v":0}
{"name":"hexo","hostname":"DESKTOP-5L7BGAJ","pid":53864,"level":20,"msg":"Processed: layout/archive.ejs","time":"2016-12-23T09:13:45.720Z","v":0}
{"name":"hexo","hostname":"DESKTOP-5L7BGAJ","pid":53864,"level":20,"msg":"Processed: layout/category.ejs","time":"2016-12-23T09:13:45.720Z","v":0}
{"name":"hexo","hostname":"DESKTOP-5L7BGAJ","pid":53864,"level":20,"msg":"Processed: layout/index.ejs","time":"2016-12-23T09:13:45.720Z","v":0}
{"name":"hexo","hostname":"DESKTOP-5L7BGAJ","pid":53864,"level":20,"msg":"Processed: layout/layout.ejs","time":"2016-12-23T09:13:45.720Z","v":0}
{"name":"hexo","hostname":"DESKTOP-5L7BGAJ","pid":53864,"level":20,"msg":"Processed: layout/tag.ejs","time":"2016-12-23T09:13:45.721Z","v":0}
{"name":"hexo","hostname":"DESKTOP-5L7BGAJ","pid":53864,"level":20,"msg":"Processed: layout/page.ejs","time":"2016-12-23T09:13:45.721Z","v":0}
{"name":"hexo","hostname":"DESKTOP-5L7BGAJ","pid":53864,"level":20,"msg":"Processed: layout/post.ejs","time":"2016-12-23T09:13:45.721Z","v":0}
{"name":"hexo","hostname":"DESKTOP-5L7BGAJ","pid":53864,"level":20,"msg":"Processed: languages/default.yml","time":"2016-12-23T09:13:45.724Z","v":0}
{"name":"hexo","hostname":"DESKTOP-5L7BGAJ","pid":53864,"level":20,"msg":"Processed: languages/fr.yml","time":"2016-12-23T09:13:45.724Z","v":0}
{"name":"hexo","hostname":"DESKTOP-5L7BGAJ","pid":53864,"level":20,"msg":"Processed: languages/nl.yml","time":"2016-12-23T09:13:45.724Z","v":0}
{"name":"hexo","hostname":"DESKTOP-5L7BGAJ","pid":53864,"level":20,"msg":"Processed: languages/no.yml","time":"2016-12-23T09:13:45.724Z","v":0}
{"name":"hexo","hostname":"DESKTOP-5L7BGAJ","pid":53864,"level":20,"msg":"Processed: languages/zh-TW.yml","time":"2016-12-23T09:13:45.724Z","v":0}
{"name":"hexo","hostname":"DESKTOP-5L7BGAJ","pid":53864,"level":20,"msg":"Processed: languages/ru.yml","time":"2016-12-23T09:13:45.724Z","v":0}
{"name":"hexo","hostname":"DESKTOP-5L7BGAJ","pid":53864,"level":20,"msg":"Processed: languages/zh-CN.yml","time":"2016-12-23T09:13:45.724Z","v":0}
{"name":"hexo","hostname":"DESKTOP-5L7BGAJ","pid":53864,"level":20,"msg":"Processed: source/css/fonts/FontAwesome.otf","time":"2016-12-23T09:13:45.735Z","v":0}
{"name":"hexo","hostname":"DESKTOP-5L7BGAJ","pid":53864,"level":20,"msg":"Processed: source/css/fonts/fontawesome-webfont.eot","time":"2016-12-23T09:13:45.736Z","v":0}
{"name":"hexo","hostname":"DESKTOP-5L7BGAJ","pid":53864,"level":20,"msg":"Processed: source/css/fonts/fontawesome-webfont.woff","time":"2016-12-23T09:13:45.737Z","v":0}
{"name":"hexo","hostname":"DESKTOP-5L7BGAJ","pid":53864,"level":20,"msg":"Processed: source/fancybox/helpers/fancybox_buttons.png","time":"2016-12-23T09:13:45.738Z","v":0}
{"name":"hexo","hostname":"DESKTOP-5L7BGAJ","pid":53864,"level":20,"msg":"Processed: source/fancybox/helpers/jquery.fancybox-buttons.css","time":"2016-12-23T09:13:45.739Z","v":0}
{"name":"hexo","hostname":"DESKTOP-5L7BGAJ","pid":53864,"level":20,"msg":"Processed: source/fancybox/helpers/jquery.fancybox-buttons.js","time":"2016-12-23T09:13:45.740Z","v":0}
{"name":"hexo","hostname":"DESKTOP-5L7BGAJ","pid":53864,"level":20,"msg":"Processed: source/fancybox/helpers/jquery.fancybox-media.js","time":"2016-12-23T09:13:45.740Z","v":0}
{"name":"hexo","hostname":"DESKTOP-5L7BGAJ","pid":53864,"level":20,"msg":"Processed: source/fancybox/helpers/jquery.fancybox-thumbs.css","time":"2016-12-23T09:13:45.742Z","v":0}
{"name":"hexo","hostname":"DESKTOP-5L7BGAJ","pid":53864,"level":20,"msg":"Processed: source/fancybox/helpers/jquery.fancybox-thumbs.js","time":"2016-12-23T09:13:45.742Z","v":0}
{"name":"hexo","hostname":"DESKTOP-5L7BGAJ","pid":53864,"level":20,"msg":"Processed: layout/_partial/archive-post.ejs","time":"2016-12-23T09:13:45.758Z","v":0}
{"name":"hexo","hostname":"DESKTOP-5L7BGAJ","pid":53864,"level":20,"msg":"Processed: layout/_partial/after-footer.ejs","time":"2016-12-23T09:13:45.758Z","v":0}
{"name":"hexo","hostname":"DESKTOP-5L7BGAJ","pid":53864,"level":20,"msg":"Processed: layout/_partial/archive.ejs","time":"2016-12-23T09:13:45.758Z","v":0}
{"name":"hexo","hostname":"DESKTOP-5L7BGAJ","pid":53864,"level":20,"msg":"Processed: layout/_partial/article.ejs","time":"2016-12-23T09:13:45.759Z","v":0}
{"name":"hexo","hostname":"DESKTOP-5L7BGAJ","pid":53864,"level":20,"msg":"Processed: layout/_partial/footer.ejs","time":"2016-12-23T09:13:45.759Z","v":0}
{"name":"hexo","hostname":"DESKTOP-5L7BGAJ","pid":53864,"level":20,"msg":"Processed: layout/_partial/google-analytics.ejs","time":"2016-12-23T09:13:45.759Z","v":0}
{"name":"hexo","hostname":"DESKTOP-5L7BGAJ","pid":53864,"level":20,"msg":"Processed: layout/_partial/head.ejs","time":"2016-12-23T09:13:45.759Z","v":0}
{"name":"hexo","hostname":"DESKTOP-5L7BGAJ","pid":53864,"level":20,"msg":"Processed: layout/_partial/header.ejs","time":"2016-12-23T09:13:45.759Z","v":0}
{"name":"hexo","hostname":"DESKTOP-5L7BGAJ","pid":53864,"level":20,"msg":"Processed: layout/_partial/mobile-nav.ejs","time":"2016-12-23T09:13:45.759Z","v":0}
{"name":"hexo","hostname":"DESKTOP-5L7BGAJ","pid":53864,"level":20,"msg":"Processed: layout/_widget/archive.ejs","time":"2016-12-23T09:13:45.759Z","v":0}
{"name":"hexo","hostname":"DESKTOP-5L7BGAJ","pid":53864,"level":20,"msg":"Processed: layout/_partial/sidebar.ejs","time":"2016-12-23T09:13:45.759Z","v":0}
{"name":"hexo","hostname":"DESKTOP-5L7BGAJ","pid":53864,"level":20,"msg":"Processed: layout/_widget/category.ejs","time":"2016-12-23T09:13:45.759Z","v":0}
{"name":"hexo","hostname":"DESKTOP-5L7BGAJ","pid":53864,"level":20,"msg":"Processed: layout/_widget/recent_posts.ejs","time":"2016-12-23T09:13:45.759Z","v":0}
{"name":"hexo","hostname":"DESKTOP-5L7BGAJ","pid":53864,"level":20,"msg":"Processed: layout/_widget/tag.ejs","time":"2016-12-23T09:13:45.759Z","v":0}
{"name":"hexo","hostname":"DESKTOP-5L7BGAJ","pid":53864,"level":20,"msg":"Processed: layout/_widget/tagcloud.ejs","time":"2016-12-23T09:13:45.759Z","v":0}
{"name":"hexo","hostname":"DESKTOP-5L7BGAJ","pid":53864,"level":20,"msg":"Processed: source/css/fonts/fontawesome-webfont.ttf","time":"2016-12-23T09:13:45.761Z","v":0}
{"name":"hexo","hostname":"DESKTOP-5L7BGAJ","pid":53864,"level":20,"msg":"Processed: layout/_partial/post/gallery.ejs","time":"2016-12-23T09:13:45.764Z","v":0}
{"name":"hexo","hostname":"DESKTOP-5L7BGAJ","pid":53864,"level":20,"msg":"Processed: layout/_partial/post/date.ejs","time":"2016-12-23T09:13:45.764Z","v":0}
{"name":"hexo","hostname":"DESKTOP-5L7BGAJ","pid":53864,"level":20,"msg":"Processed: layout/_partial/post/category.ejs","time":"2016-12-23T09:13:45.764Z","v":0}
{"name":"hexo","hostname":"DESKTOP-5L7BGAJ","pid":53864,"level":20,"msg":"Processed: layout/_partial/post/nav.ejs","time":"2016-12-23T09:13:45.764Z","v":0}
{"name":"hexo","hostname":"DESKTOP-5L7BGAJ","pid":53864,"level":20,"msg":"Processed: layout/_partial/post/tag.ejs","time":"2016-12-23T09:13:45.764Z","v":0}
{"name":"hexo","hostname":"DESKTOP-5L7BGAJ","pid":53864,"level":20,"msg":"Processed: layout/_partial/post/title.ejs","time":"2016-12-23T09:13:45.764Z","v":0}
{"name":"hexo","hostname":"DESKTOP-5L7BGAJ","pid":53864,"level":20,"msg":"Processed: source/css/fonts/fontawesome-webfont.svg","time":"2016-12-23T09:13:45.765Z","v":0}
{"name":"hexo","hostname":"DESKTOP-5L7BGAJ","pid":53864,"level":20,"msg":"Processed: source/css/images/banner.jpg","time":"2016-12-23T09:13:45.765Z","v":0}
{"name":"hexo","hostname":"DESKTOP-5L7BGAJ","pid":53864,"level":20,"msg":"Generator: page","time":"2016-12-23T09:13:45.885Z","v":0}
{"name":"hexo","hostname":"DESKTOP-5L7BGAJ","pid":53864,"level":20,"msg":"Generator: post","time":"2016-12-23T09:13:45.885Z","v":0}
{"name":"hexo","hostname":"DESKTOP-5L7BGAJ","pid":53864,"level":20,"msg":"Generator: archive","time":"2016-12-23T09:13:45.885Z","v":0}
{"name":"hexo","hostname":"DESKTOP-5L7BGAJ","pid":53864,"level":20,"msg":"Generator: category","time":"2016-12-23T09:13:45.885Z","v":0}
{"name":"hexo","hostname":"DESKTOP-5L7BGAJ","pid":53864,"level":20,"msg":"Generator: feed","time":"2016-12-23T09:13:45.885Z","v":0}
{"name":"hexo","hostname":"DESKTOP-5L7BGAJ","pid":53864,"level":20,"msg":"Generator: index","time":"2016-12-23T09:13:45.885Z","v":0}
{"name":"hexo","hostname":"DESKTOP-5L7BGAJ","pid":53864,"level":20,"msg":"Generator: sitemap","time":"2016-12-23T09:13:45.886Z","v":0}
{"name":"hexo","hostname":"DESKTOP-5L7BGAJ","pid":53864,"level":20,"msg":"Generator: tag","time":"2016-12-23T09:13:45.886Z","v":0}
{"name":"hexo","hostname":"DESKTOP-5L7BGAJ","pid":53864,"level":20,"msg":"Generator: asset","time":"2016-12-23T09:13:45.886Z","v":0}
{"name":"hexo","hostname":"DESKTOP-5L7BGAJ","pid":53864,"level":30,"msg":"Hexo is running at http://localhost:4000/. Press Ctrl+C to stop.","time":"2016-12-23T09:13:45.891Z","v":0}
{"name":"hexo","hostname":"DESKTOP-5L7BGAJ","pid":53864,"level":20,"msg":"Database saved","time":"2016-12-23T09:13:45.903Z","v":0}
{"name":"hexo","hostname":"DESKTOP-5L7BGAJ","pid":60840,"level":20,"msg":"Hexo version: 3.2.2","time":"2016-12-23T10:49:13.154Z","v":0}
{"name":"hexo","hostname":"DESKTOP-5L7BGAJ","pid":60840,"level":20,"msg":"Working directory: ~\\Documents\\Blog\\Hexo\\","time":"2016-12-23T10:49:13.159Z","v":0}
{"name":"hexo","hostname":"DESKTOP-5L7BGAJ","pid":60840,"level":20,"msg":"Config loaded: ~\\Documents\\Blog\\Hexo\\_config.yml","time":"2016-12-23T10:49:14.538Z","v":0}
{"name":"hexo","hostname":"DESKTOP-5L7BGAJ","pid":60840,"level":20,"msg":"Plugin loaded: hexo-deployer-git","time":"2016-12-23T10:49:14.667Z","v":0}
{"name":"hexo","hostname":"DESKTOP-5L7BGAJ","pid":60840,"level":20,"msg":"Plugin loaded: hexo-deployer-heroku","time":"2016-12-23T10:49:14.681Z","v":0}
{"name":"hexo","hostname":"DESKTOP-5L7BGAJ","pid":60840,"level":20,"msg":"Plugin loaded: hexo-deployer-openshift","time":"2016-12-23T10:49:14.696Z","v":0}
{"name":"hexo","hostname":"DESKTOP-5L7BGAJ","pid":60840,"level":20,"msg":"Plugin loaded: hexo-deployer-rsync","time":"2016-12-23T10:49:14.707Z","v":0}
{"name":"hexo","hostname":"DESKTOP-5L7BGAJ","pid":60840,"level":20,"msg":"Plugin loaded: hexo-generator-archive","time":"2016-12-23T10:49:14.755Z","v":0}
{"name":"hexo","hostname":"DESKTOP-5L7BGAJ","pid":60840,"level":20,"msg":"Plugin loaded: hexo-generator-category","time":"2016-12-23T10:49:14.770Z","v":0}
{"name":"hexo","hostname":"DESKTOP-5L7BGAJ","pid":60840,"level":20,"msg":"Plugin loaded: hexo-generator-feed","time":"2016-12-23T10:49:14.799Z","v":0}
{"name":"hexo","hostname":"DESKTOP-5L7BGAJ","pid":60840,"level":20,"msg":"Plugin loaded: hexo-generator-tag","time":"2016-12-23T10:49:14.808Z","v":0}
{"name":"hexo","hostname":"DESKTOP-5L7BGAJ","pid":60840,"level":20,"msg":"Plugin loaded: hexo-generator-index","time":"2016-12-23T10:49:14.817Z","v":0}
{"name":"hexo","hostname":"DESKTOP-5L7BGAJ","pid":60840,"level":20,"msg":"Plugin loaded: hexo-generator-sitemap","time":"2016-12-23T10:49:14.834Z","v":0}
{"name":"hexo","hostname":"DESKTOP-5L7BGAJ","pid":60840,"level":20,"msg":"Plugin loaded: hexo-renderer-ejs","time":"2016-12-23T10:49:14.878Z","v":0}
{"name":"hexo","hostname":"DESKTOP-5L7BGAJ","pid":60840,"level":20,"msg":"Plugin loaded: hexo-renderer-marked","time":"2016-12-23T10:49:14.918Z","v":0}
{"name":"hexo","hostname":"DESKTOP-5L7BGAJ","pid":60840,"level":20,"msg":"Plugin loaded: hexo-renderer-stylus","time":"2016-12-23T10:49:17.441Z","v":0}
{"name":"hexo","hostname":"DESKTOP-5L7BGAJ","pid":60840,"level":20,"msg":"Plugin loaded: hexo-server","time":"2016-12-23T10:49:18.140Z","v":0}
{"name":"hexo","hostname":"DESKTOP-5L7BGAJ","pid":60840,"level":20,"msg":"Loading database.","time":"2016-12-23T10:49:18.149Z","v":0}
{"name":"hexo","hostname":"DESKTOP-5L7BGAJ","pid":60840,"level":30,"msg":"Start processing","time":"2016-12-23T10:49:18.159Z","v":0}
{"name":"hexo","hostname":"DESKTOP-5L7BGAJ","pid":60840,"level":20,"msg":"Processed: Statiffile","time":"2016-12-23T10:49:18.182Z","v":0}
{"name":"hexo","hostname":"DESKTOP-5L7BGAJ","pid":60840,"level":20,"msg":"Processed: CNAME.txt","time":"2016-12-23T10:49:18.185Z","v":0}
{"name":"hexo","hostname":"DESKTOP-5L7BGAJ","pid":60840,"level":20,"msg":"Processed: _posts/hello-world.md","time":"2016-12-23T10:49:18.209Z","v":0}
{"name":"hexo","hostname":"DESKTOP-5L7BGAJ","pid":60840,"level":20,"msg":"Generator: page","time":"2016-12-23T10:49:19.100Z","v":0}
{"name":"hexo","hostname":"DESKTOP-5L7BGAJ","pid":60840,"level":20,"msg":"Generator: post","time":"2016-12-23T10:49:19.100Z","v":0}
{"name":"hexo","hostname":"DESKTOP-5L7BGAJ","pid":60840,"level":20,"msg":"Generator: archive","time":"2016-12-23T10:49:19.100Z","v":0}
{"name":"hexo","hostname":"DESKTOP-5L7BGAJ","pid":60840,"level":20,"msg":"Generator: category","time":"2016-12-23T10:49:19.101Z","v":0}
{"name":"hexo","hostname":"DESKTOP-5L7BGAJ","pid":60840,"level":20,"msg":"Generator: feed","time":"2016-12-23T10:49:19.101Z","v":0}
{"name":"hexo","hostname":"DESKTOP-5L7BGAJ","pid":60840,"level":20,"msg":"Generator: tag","time":"2016-12-23T10:49:19.101Z","v":0}
{"name":"hexo","hostname":"DESKTOP-5L7BGAJ","pid":60840,"level":20,"msg":"Generator: index","time":"2016-12-23T10:49:19.101Z","v":0}
{"name":"hexo","hostname":"DESKTOP-5L7BGAJ","pid":60840,"level":20,"msg":"Generator: sitemap","time":"2016-12-23T10:49:19.101Z","v":0}
{"name":"hexo","hostname":"DESKTOP-5L7BGAJ","pid":60840,"level":20,"msg":"Generator: asset","time":"2016-12-23T10:49:19.101Z","v":0}
{"name":"hexo","hostname":"DESKTOP-5L7BGAJ","pid":60840,"level":30,"msg":"Hexo is running at http://localhost:4000/. Press Ctrl+C to stop.","time":"2016-12-23T10:49:19.108Z","v":0}
{"name":"hexo","hostname":"DESKTOP-5L7BGAJ","pid":60840,"level":20,"msg":"Database saved","time":"2016-12-23T10:49:19.113Z","v":0}
{"name":"hexo","hostname":"DESKTOP-5L7BGAJ","pid":62152,"level":20,"msg":"Hexo version: 3.2.2","time":"2016-12-23T10:53:24.729Z","v":0}
{"name":"hexo","hostname":"DESKTOP-5L7BGAJ","pid":62152,"level":20,"msg":"Working directory: ~\\Documents\\Blog\\Hexo\\","time":"2016-12-23T10:53:24.732Z","v":0}
{"name":"hexo","hostname":"DESKTOP-5L7BGAJ","pid":62152,"level":20,"msg":"Config loaded: ~\\Documents\\Blog\\Hexo\\_config.yml","time":"2016-12-23T10:53:24.911Z","v":0}
{"name":"hexo","hostname":"DESKTOP-5L7BGAJ","pid":62152,"level":20,"msg":"Plugin loaded: hexo-deployer-git","time":"2016-12-23T10:53:24.932Z","v":0}
{"name":"hexo","hostname":"DESKTOP-5L7BGAJ","pid":62152,"level":20,"msg":"Plugin loaded: hexo-deployer-heroku","time":"2016-12-23T10:53:24.935Z","v":0}
{"name":"hexo","hostname":"DESKTOP-5L7BGAJ","pid":62152,"level":20,"msg":"Plugin loaded: hexo-deployer-openshift","time":"2016-12-23T10:53:24.937Z","v":0}
{"name":"hexo","hostname":"DESKTOP-5L7BGAJ","pid":62152,"level":20,"msg":"Plugin loaded: hexo-deployer-rsync","time":"2016-12-23T10:53:24.939Z","v":0}
{"name":"hexo","hostname":"DESKTOP-5L7BGAJ","pid":62152,"level":20,"msg":"Plugin loaded: hexo-generator-archive","time":"2016-12-23T10:53:24.944Z","v":0}
{"name":"hexo","hostname":"DESKTOP-5L7BGAJ","pid":62152,"level":20,"msg":"Plugin loaded: hexo-generator-category","time":"2016-12-23T10:53:24.947Z","v":0}
{"name":"hexo","hostname":"DESKTOP-5L7BGAJ","pid":62152,"level":20,"msg":"Plugin loaded: hexo-generator-feed","time":"2016-12-23T10:53:24.952Z","v":0}
{"name":"hexo","hostname":"DESKTOP-5L7BGAJ","pid":62152,"level":20,"msg":"Plugin loaded: hexo-generator-index","time":"2016-12-23T10:53:24.953Z","v":0}
{"name":"hexo","hostname":"DESKTOP-5L7BGAJ","pid":62152,"level":20,"msg":"Plugin loaded: hexo-generator-sitemap","time":"2016-12-23T10:53:24.955Z","v":0}
{"name":"hexo","hostname":"DESKTOP-5L7BGAJ","pid":62152,"level":20,"msg":"Plugin loaded: hexo-generator-tag","time":"2016-12-23T10:53:24.957Z","v":0}
{"name":"hexo","hostname":"DESKTOP-5L7BGAJ","pid":62152,"level":20,"msg":"Plugin loaded: hexo-renderer-ejs","time":"2016-12-23T10:53:24.962Z","v":0}
{"name":"hexo","hostname":"DESKTOP-5L7BGAJ","pid":62152,"level":20,"msg":"Plugin loaded: hexo-renderer-marked","time":"2016-12-23T10:53:24.973Z","v":0}
{"name":"hexo","hostname":"DESKTOP-5L7BGAJ","pid":62152,"level":20,"msg":"Plugin loaded: hexo-renderer-stylus","time":"2016-12-23T10:53:25.228Z","v":0}
{"name":"hexo","hostname":"DESKTOP-5L7BGAJ","pid":62152,"level":20,"msg":"Plugin loaded: hexo-server","time":"2016-12-23T10:53:25.323Z","v":0}
{"name":"hexo","hostname":"DESKTOP-5L7BGAJ","pid":62152,"level":20,"msg":"Loading database.","time":"2016-12-23T10:53:25.334Z","v":0}
{"name":"hexo","hostname":"DESKTOP-5L7BGAJ","pid":62152,"level":30,"msg":"Start processing","time":"2016-12-23T10:53:25.370Z","v":0}
{"name":"hexo","hostname":"DESKTOP-5L7BGAJ","pid":62152,"level":20,"msg":"Processed: Statiffile","time":"2016-12-23T10:53:25.387Z","v":0}
{"name":"hexo","hostname":"DESKTOP-5L7BGAJ","pid":62152,"level":20,"msg":"Processed: CNAME.txt","time":"2016-12-23T10:53:25.388Z","v":0}
{"name":"hexo","hostname":"DESKTOP-5L7BGAJ","pid":62152,"level":20,"msg":"Processed: _posts/hello-world.md","time":"2016-12-23T10:53:25.392Z","v":0}
{"name":"hexo","hostname":"DESKTOP-5L7BGAJ","pid":62152,"level":20,"msg":"Generator: page","time":"2016-12-23T10:53:25.468Z","v":0}
{"name":"hexo","hostname":"DESKTOP-5L7BGAJ","pid":62152,"level":20,"msg":"Generator: post","time":"2016-12-23T10:53:25.469Z","v":0}
{"name":"hexo","hostname":"DESKTOP-5L7BGAJ","pid":62152,"level":20,"msg":"Generator: archive","time":"2016-12-23T10:53:25.469Z","v":0}
{"name":"hexo","hostname":"DESKTOP-5L7BGAJ","pid":62152,"level":20,"msg":"Generator: category","time":"2016-12-23T10:53:25.469Z","v":0}
{"name":"hexo","hostname":"DESKTOP-5L7BGAJ","pid":62152,"level":20,"msg":"Generator: feed","time":"2016-12-23T10:53:25.469Z","v":0}
{"name":"hexo","hostname":"DESKTOP-5L7BGAJ","pid":62152,"level":20,"msg":"Generator: index","time":"2016-12-23T10:53:25.469Z","v":0}
{"name":"hexo","hostname":"DESKTOP-5L7BGAJ","pid":62152,"level":20,"msg":"Generator: sitemap","time":"2016-12-23T10:53:25.469Z","v":0}
{"name":"hexo","hostname":"DESKTOP-5L7BGAJ","pid":62152,"level":20,"msg":"Generator: tag","time":"2016-12-23T10:53:25.469Z","v":0}
{"name":"hexo","hostname":"DESKTOP-5L7BGAJ","pid":62152,"level":20,"msg":"Generator: asset","time":"2016-12-23T10:53:25.470Z","v":0}
{"name":"hexo","hostname":"DESKTOP-5L7BGAJ","pid":62152,"level":30,"msg":"Hexo is running at http://localhost:4000/. Press Ctrl+C to stop.","time":"2016-12-23T10:53:25.476Z","v":0}
{"name":"hexo","hostname":"DESKTOP-5L7BGAJ","pid":62152,"level":20,"msg":"Database saved","time":"2016-12-23T10:53:25.482Z","v":0}
{"name":"hexo","hostname":"DESKTOP-5L7BGAJ","pid":61008,"level":20,"msg":"Hexo version: 3.2.2","time":"2016-12-23T11:01:46.812Z","v":0}
{"name":"hexo","hostname":"DESKTOP-5L7BGAJ","pid":61008,"level":20,"msg":"Working directory: ~\\Documents\\Blog\\Hexo\\","time":"2016-12-23T11:01:46.815Z","v":0}
{"name":"hexo","hostname":"DESKTOP-5L7BGAJ","pid":61008,"level":20,"msg":"Config loaded: ~\\Documents\\Blog\\Hexo\\_config.yml","time":"2016-12-23T11:01:46.998Z","v":0}
{"name":"hexo","hostname":"DESKTOP-5L7BGAJ","pid":61008,"level":20,"msg":"Plugin loaded: hexo-deployer-git","time":"2016-12-23T11:01:47.020Z","v":0}
{"name":"hexo","hostname":"DESKTOP-5L7BGAJ","pid":61008,"level":20,"msg":"Plugin loaded: hexo-deployer-heroku","time":"2016-12-23T11:01:47.022Z","v":0}
{"name":"hexo","hostname":"DESKTOP-5L7BGAJ","pid":61008,"level":20,"msg":"Plugin loaded: hexo-generator-archive","time":"2016-12-23T11:01:47.028Z","v":0}
{"name":"hexo","hostname":"DESKTOP-5L7BGAJ","pid":61008,"level":20,"msg":"Plugin loaded: hexo-deployer-openshift","time":"2016-12-23T11:01:47.031Z","v":0}
{"name":"hexo","hostname":"DESKTOP-5L7BGAJ","pid":61008,"level":20,"msg":"Plugin loaded: hexo-deployer-rsync","time":"2016-12-23T11:01:47.032Z","v":0}
{"name":"hexo","hostname":"DESKTOP-5L7BGAJ","pid":61008,"level":20,"msg":"Plugin loaded: hexo-generator-category","time":"2016-12-23T11:01:47.035Z","v":0}
{"name":"hexo","hostname":"DESKTOP-5L7BGAJ","pid":61008,"level":20,"msg":"Plugin loaded: hexo-generator-feed","time":"2016-12-23T11:01:47.039Z","v":0}
{"name":"hexo","hostname":"DESKTOP-5L7BGAJ","pid":61008,"level":20,"msg":"Plugin loaded: hexo-generator-index","time":"2016-12-23T11:01:47.040Z","v":0}
{"name":"hexo","hostname":"DESKTOP-5L7BGAJ","pid":61008,"level":20,"msg":"Plugin loaded: hexo-generator-sitemap","time":"2016-12-23T11:01:47.043Z","v":0}
{"name":"hexo","hostname":"DESKTOP-5L7BGAJ","pid":61008,"level":20,"msg":"Plugin loaded: hexo-generator-tag","time":"2016-12-23T11:01:47.046Z","v":0}
{"name":"hexo","hostname":"DESKTOP-5L7BGAJ","pid":61008,"level":20,"msg":"Plugin loaded: hexo-renderer-ejs","time":"2016-12-23T11:01:47.051Z","v":0}
{"name":"hexo","hostname":"DESKTOP-5L7BGAJ","pid":61008,"level":20,"msg":"Plugin loaded: hexo-renderer-marked","time":"2016-12-23T11:01:47.060Z","v":0}
{"name":"hexo","hostname":"DESKTOP-5L7BGAJ","pid":61008,"level":20,"msg":"Plugin loaded: hexo-renderer-stylus","time":"2016-12-23T11:01:47.321Z","v":0}
{"name":"hexo","hostname":"DESKTOP-5L7BGAJ","pid":61008,"level":20,"msg":"Plugin loaded: hexo-server","time":"2016-12-23T11:01:47.426Z","v":0}
{"name":"hexo","hostname":"DESKTOP-5L7BGAJ","pid":61008,"level":20,"msg":"Loading database.","time":"2016-12-23T11:01:47.437Z","v":0}
{"name":"hexo","hostname":"DESKTOP-5L7BGAJ","pid":61008,"level":30,"msg":"Start processing","time":"2016-12-23T11:01:47.476Z","v":0}
{"name":"hexo","hostname":"DESKTOP-5L7BGAJ","pid":61008,"level":20,"msg":"Processed: Statiffile","time":"2016-12-23T11:01:47.493Z","v":0}
{"name":"hexo","hostname":"DESKTOP-5L7BGAJ","pid":61008,"level":20,"msg":"Processed: CNAME.txt","time":"2016-12-23T11:01:47.495Z","v":0}
{"name":"hexo","hostname":"DESKTOP-5L7BGAJ","pid":61008,"level":20,"msg":"Processed: _posts/hello-world.md","time":"2016-12-23T11:01:47.498Z","v":0}
{"name":"hexo","hostname":"DESKTOP-5L7BGAJ","pid":61008,"level":20,"msg":"Generator: page","time":"2016-12-23T11:01:47.575Z","v":0}
{"name":"hexo","hostname":"DESKTOP-5L7BGAJ","pid":61008,"level":20,"msg":"Generator: post","time":"2016-12-23T11:01:47.575Z","v":0}
{"name":"hexo","hostname":"DESKTOP-5L7BGAJ","pid":61008,"level":20,"msg":"Generator: archive","time":"2016-12-23T11:01:47.575Z","v":0}
{"name":"hexo","hostname":"DESKTOP-5L7BGAJ","pid":61008,"level":20,"msg":"Generator: category","time":"2016-12-23T11:01:47.576Z","v":0}
{"name":"hexo","hostname":"DESKTOP-5L7BGAJ","pid":61008,"level":20,"msg":"Generator: feed","time":"2016-12-23T11:01:47.576Z","v":0}
{"name":"hexo","hostname":"DESKTOP-5L7BGAJ","pid":61008,"level":20,"msg":"Generator: index","time":"2016-12-23T11:01:47.576Z","v":0}
{"name":"hexo","hostname":"DESKTOP-5L7BGAJ","pid":61008,"level":20,"msg":"Generator: sitemap","time":"2016-12-23T11:01:47.576Z","v":0}
{"name":"hexo","hostname":"DESKTOP-5L7BGAJ","pid":61008,"level":20,"msg":"Generator: tag","time":"2016-12-23T11:01:47.576Z","v":0}
{"name":"hexo","hostname":"DESKTOP-5L7BGAJ","pid":61008,"level":20,"msg":"Generator: asset","time":"2016-12-23T11:01:47.577Z","v":0}
{"name":"hexo","hostname":"DESKTOP-5L7BGAJ","pid":61008,"level":30,"msg":"Hexo is running at http://localhost:4000/. Press Ctrl+C to stop.","time":"2016-12-23T11:01:47.586Z","v":0}
{"name":"hexo","hostname":"DESKTOP-5L7BGAJ","pid":61008,"level":20,"msg":"Database saved","time":"2016-12-23T11:01:47.591Z","v":0}
{"name":"hexo","hostname":"DESKTOP-5L7BGAJ","pid":63272,"level":20,"msg":"Hexo version: 3.2.2","time":"2016-12-23T12:18:20.686Z","v":0}
{"name":"hexo","hostname":"DESKTOP-5L7BGAJ","pid":63272,"level":20,"msg":"Working directory: ~\\Documents\\Blog\\Hexo\\","time":"2016-12-23T12:18:20.689Z","v":0}
{"name":"hexo","hostname":"DESKTOP-5L7BGAJ","pid":63272,"level":20,"msg":"Config loaded: ~\\Documents\\Blog\\Hexo\\_config.yml","time":"2016-12-23T12:18:20.864Z","v":0}
{"name":"hexo","hostname":"DESKTOP-5L7BGAJ","pid":63272,"level":20,"msg":"Script loaded: themes\\landscape\\scripts\\fancybox.js","time":"2016-12-23T12:18:20.886Z","v":0}
{"name":"hexo","hostname":"DESKTOP-5L7BGAJ","pid":63272,"level":20,"msg":"Plugin loaded: hexo-deployer-git","time":"2016-12-23T12:18:20.890Z","v":0}
{"name":"hexo","hostname":"DESKTOP-5L7BGAJ","pid":63272,"level":20,"msg":"Plugin loaded: hexo-deployer-heroku","time":"2016-12-23T12:18:20.892Z","v":0}
{"name":"hexo","hostname":"DESKTOP-5L7BGAJ","pid":63272,"level":20,"msg":"Plugin loaded: hexo-deployer-rsync","time":"2016-12-23T12:18:20.894Z","v":0}
{"name":"hexo","hostname":"DESKTOP-5L7BGAJ","pid":63272,"level":20,"msg":"Plugin loaded: hexo-deployer-openshift","time":"2016-12-23T12:18:20.896Z","v":0}
{"name":"hexo","hostname":"DESKTOP-5L7BGAJ","pid":63272,"level":20,"msg":"Plugin loaded: hexo-generator-archive","time":"2016-12-23T12:18:20.901Z","v":0}
{"name":"hexo","hostname":"DESKTOP-5L7BGAJ","pid":63272,"level":20,"msg":"Plugin loaded: hexo-generator-category","time":"2016-12-23T12:18:20.905Z","v":0}
{"name":"hexo","hostname":"DESKTOP-5L7BGAJ","pid":63272,"level":20,"msg":"Plugin loaded: hexo-generator-feed","time":"2016-12-23T12:18:20.909Z","v":0}
{"name":"hexo","hostname":"DESKTOP-5L7BGAJ","pid":63272,"level":20,"msg":"Plugin loaded: hexo-generator-index","time":"2016-12-23T12:18:20.911Z","v":0}
{"name":"hexo","hostname":"DESKTOP-5L7BGAJ","pid":63272,"level":20,"msg":"Plugin loaded: hexo-generator-tag","time":"2016-12-23T12:18:20.914Z","v":0}
{"name":"hexo","hostname":"DESKTOP-5L7BGAJ","pid":63272,"level":20,"msg":"Plugin loaded: hexo-generator-sitemap","time":"2016-12-23T12:18:20.917Z","v":0}
{"name":"hexo","hostname":"DESKTOP-5L7BGAJ","pid":63272,"level":20,"msg":"Plugin loaded: hexo-renderer-ejs","time":"2016-12-23T12:18:20.921Z","v":0}
{"name":"hexo","hostname":"DESKTOP-5L7BGAJ","pid":63272,"level":20,"msg":"Plugin loaded: hexo-renderer-marked","time":"2016-12-23T12:18:20.928Z","v":0}
{"name":"hexo","hostname":"DESKTOP-5L7BGAJ","pid":63272,"level":20,"msg":"Plugin loaded: hexo-renderer-stylus","time":"2016-12-23T12:18:21.183Z","v":0}
{"name":"hexo","hostname":"DESKTOP-5L7BGAJ","pid":63272,"level":20,"msg":"Plugin loaded: hexo-server","time":"2016-12-23T12:18:21.287Z","v":0}
{"name":"hexo","hostname":"DESKTOP-5L7BGAJ","pid":63272,"level":20,"msg":"Loading database.","time":"2016-12-23T12:18:21.298Z","v":0}
{"name":"hexo","hostname":"DESKTOP-5L7BGAJ","pid":63272,"level":30,"msg":"Start processing","time":"2016-12-23T12:18:21.349Z","v":0}
{"name":"hexo","hostname":"DESKTOP-5L7BGAJ","pid":63272,"level":20,"msg":"Processed: Statiffile","time":"2016-12-23T12:18:21.386Z","v":0}
{"name":"hexo","hostname":"DESKTOP-5L7BGAJ","pid":63272,"level":20,"msg":"Processed: CNAME.txt","time":"2016-12-23T12:18:21.397Z","v":0}
{"name":"hexo","hostname":"DESKTOP-5L7BGAJ","pid":63272,"level":20,"msg":"Processed: _posts/hello-world.md","time":"2016-12-23T12:18:21.431Z","v":0}
{"name":"hexo","hostname":"DESKTOP-5L7BGAJ","pid":63272,"level":20,"msg":"Theme config loaded.","time":"2016-12-23T12:18:21.472Z","v":0}
{"name":"hexo","hostname":"DESKTOP-5L7BGAJ","pid":63272,"level":20,"msg":"Processed: _config.yml","time":"2016-12-23T12:18:21.473Z","v":0}
{"name":"hexo","hostname":"DESKTOP-5L7BGAJ","pid":63272,"level":20,"msg":"Processed: source/css/style.styl","time":"2016-12-23T12:18:21.482Z","v":0}
{"name":"hexo","hostname":"DESKTOP-5L7BGAJ","pid":63272,"level":20,"msg":"Processed: source/fancybox/blank.gif","time":"2016-12-23T12:18:21.482Z","v":0}
{"name":"hexo","hostname":"DESKTOP-5L7BGAJ","pid":63272,"level":20,"msg":"Processed: source/fancybox/fancybox_loading.gif","time":"2016-12-23T12:18:21.482Z","v":0}
{"name":"hexo","hostname":"DESKTOP-5L7BGAJ","pid":63272,"level":20,"msg":"Processed: source/fancybox/fancybox_loading@2x.gif","time":"2016-12-23T12:18:21.483Z","v":0}
{"name":"hexo","hostname":"DESKTOP-5L7BGAJ","pid":63272,"level":20,"msg":"Processed: source/fancybox/fancybox_overlay.png","time":"2016-12-23T12:18:21.483Z","v":0}
{"name":"hexo","hostname":"DESKTOP-5L7BGAJ","pid":63272,"level":20,"msg":"Processed: source/fancybox/fancybox_sprite.png","time":"2016-12-23T12:18:21.483Z","v":0}
{"name":"hexo","hostname":"DESKTOP-5L7BGAJ","pid":63272,"level":20,"msg":"Processed: source/fancybox/fancybox_sprite@2x.png","time":"2016-12-23T12:18:21.483Z","v":0}
{"name":"hexo","hostname":"DESKTOP-5L7BGAJ","pid":63272,"level":20,"msg":"Processed: source/fancybox/jquery.fancybox.css","time":"2016-12-23T12:18:21.486Z","v":0}
{"name":"hexo","hostname":"DESKTOP-5L7BGAJ","pid":63272,"level":20,"msg":"Processed: source/fancybox/jquery.fancybox.js","time":"2016-12-23T12:18:21.487Z","v":0}
{"name":"hexo","hostname":"DESKTOP-5L7BGAJ","pid":63272,"level":20,"msg":"Processed: source/fancybox/jquery.fancybox.pack.js","time":"2016-12-23T12:18:21.492Z","v":0}
{"name":"hexo","hostname":"DESKTOP-5L7BGAJ","pid":63272,"level":20,"msg":"Processed: source/js/script.js","time":"2016-12-23T12:18:21.492Z","v":0}
{"name":"hexo","hostname":"DESKTOP-5L7BGAJ","pid":63272,"level":20,"msg":"Processed: layout/archive.ejs","time":"2016-12-23T12:18:21.505Z","v":0}
{"name":"hexo","hostname":"DESKTOP-5L7BGAJ","pid":63272,"level":20,"msg":"Processed: layout/category.ejs","time":"2016-12-23T12:18:21.506Z","v":0}
{"name":"hexo","hostname":"DESKTOP-5L7BGAJ","pid":63272,"level":20,"msg":"Processed: layout/index.ejs","time":"2016-12-23T12:18:21.506Z","v":0}
{"name":"hexo","hostname":"DESKTOP-5L7BGAJ","pid":63272,"level":20,"msg":"Processed: layout/layout.ejs","time":"2016-12-23T12:18:21.506Z","v":0}
{"name":"hexo","hostname":"DESKTOP-5L7BGAJ","pid":63272,"level":20,"msg":"Processed: layout/page.ejs","time":"2016-12-23T12:18:21.506Z","v":0}
{"name":"hexo","hostname":"DESKTOP-5L7BGAJ","pid":63272,"level":20,"msg":"Processed: layout/post.ejs","time":"2016-12-23T12:18:21.506Z","v":0}
{"name":"hexo","hostname":"DESKTOP-5L7BGAJ","pid":63272,"level":20,"msg":"Processed: layout/tag.ejs","time":"2016-12-23T12:18:21.506Z","v":0}
{"name":"hexo","hostname":"DESKTOP-5L7BGAJ","pid":63272,"level":20,"msg":"Processed: languages/default.yml","time":"2016-12-23T12:18:21.509Z","v":0}
{"name":"hexo","hostname":"DESKTOP-5L7BGAJ","pid":63272,"level":20,"msg":"Processed: languages/fr.yml","time":"2016-12-23T12:18:21.510Z","v":0}
{"name":"hexo","hostname":"DESKTOP-5L7BGAJ","pid":63272,"level":20,"msg":"Processed: languages/nl.yml","time":"2016-12-23T12:18:21.510Z","v":0}
{"name":"hexo","hostname":"DESKTOP-5L7BGAJ","pid":63272,"level":20,"msg":"Processed: languages/ru.yml","time":"2016-12-23T12:18:21.510Z","v":0}
{"name":"hexo","hostname":"DESKTOP-5L7BGAJ","pid":63272,"level":20,"msg":"Processed: languages/no.yml","time":"2016-12-23T12:18:21.510Z","v":0}
{"name":"hexo","hostname":"DESKTOP-5L7BGAJ","pid":63272,"level":20,"msg":"Processed: languages/zh-CN.yml","time":"2016-12-23T12:18:21.510Z","v":0}
{"name":"hexo","hostname":"DESKTOP-5L7BGAJ","pid":63272,"level":20,"msg":"Processed: languages/zh-TW.yml","time":"2016-12-23T12:18:21.510Z","v":0}
{"name":"hexo","hostname":"DESKTOP-5L7BGAJ","pid":63272,"level":20,"msg":"Processed: source/css/fonts/FontAwesome.otf","time":"2016-12-23T12:18:21.521Z","v":0}
{"name":"hexo","hostname":"DESKTOP-5L7BGAJ","pid":63272,"level":20,"msg":"Processed: source/css/fonts/fontawesome-webfont.eot","time":"2016-12-23T12:18:21.523Z","v":0}
{"name":"hexo","hostname":"DESKTOP-5L7BGAJ","pid":63272,"level":20,"msg":"Processed: source/css/fonts/fontawesome-webfont.woff","time":"2016-12-23T12:18:21.523Z","v":0}
{"name":"hexo","hostname":"DESKTOP-5L7BGAJ","pid":63272,"level":20,"msg":"Processed: source/fancybox/helpers/fancybox_buttons.png","time":"2016-12-23T12:18:21.524Z","v":0}
{"name":"hexo","hostname":"DESKTOP-5L7BGAJ","pid":63272,"level":20,"msg":"Processed: source/fancybox/helpers/jquery.fancybox-buttons.css","time":"2016-12-23T12:18:21.525Z","v":0}
{"name":"hexo","hostname":"DESKTOP-5L7BGAJ","pid":63272,"level":20,"msg":"Processed: source/fancybox/helpers/jquery.fancybox-buttons.js","time":"2016-12-23T12:18:21.526Z","v":0}
{"name":"hexo","hostname":"DESKTOP-5L7BGAJ","pid":63272,"level":20,"msg":"Processed: source/fancybox/helpers/jquery.fancybox-media.js","time":"2016-12-23T12:18:21.527Z","v":0}
{"name":"hexo","hostname":"DESKTOP-5L7BGAJ","pid":63272,"level":20,"msg":"Processed: source/fancybox/helpers/jquery.fancybox-thumbs.css","time":"2016-12-23T12:18:21.528Z","v":0}
{"name":"hexo","hostname":"DESKTOP-5L7BGAJ","pid":63272,"level":20,"msg":"Processed: source/fancybox/helpers/jquery.fancybox-thumbs.js","time":"2016-12-23T12:18:21.528Z","v":0}
{"name":"hexo","hostname":"DESKTOP-5L7BGAJ","pid":63272,"level":20,"msg":"Processed: layout/_partial/after-footer.ejs","time":"2016-12-23T12:18:21.543Z","v":0}
{"name":"hexo","hostname":"DESKTOP-5L7BGAJ","pid":63272,"level":20,"msg":"Processed: layout/_partial/archive-post.ejs","time":"2016-12-23T12:18:21.543Z","v":0}
{"name":"hexo","hostname":"DESKTOP-5L7BGAJ","pid":63272,"level":20,"msg":"Processed: layout/_partial/archive.ejs","time":"2016-12-23T12:18:21.543Z","v":0}
{"name":"hexo","hostname":"DESKTOP-5L7BGAJ","pid":63272,"level":20,"msg":"Processed: layout/_partial/article.ejs","time":"2016-12-23T12:18:21.543Z","v":0}
{"name":"hexo","hostname":"DESKTOP-5L7BGAJ","pid":63272,"level":20,"msg":"Processed: layout/_partial/footer.ejs","time":"2016-12-23T12:18:21.543Z","v":0}
{"name":"hexo","hostname":"DESKTOP-5L7BGAJ","pid":63272,"level":20,"msg":"Processed: layout/_partial/google-analytics.ejs","time":"2016-12-23T12:18:21.543Z","v":0}
{"name":"hexo","hostname":"DESKTOP-5L7BGAJ","pid":63272,"level":20,"msg":"Processed: layout/_partial/head.ejs","time":"2016-12-23T12:18:21.543Z","v":0}
{"name":"hexo","hostname":"DESKTOP-5L7BGAJ","pid":63272,"level":20,"msg":"Processed: layout/_partial/header.ejs","time":"2016-12-23T12:18:21.543Z","v":0}
{"name":"hexo","hostname":"DESKTOP-5L7BGAJ","pid":63272,"level":20,"msg":"Processed: layout/_partial/mobile-nav.ejs","time":"2016-12-23T12:18:21.543Z","v":0}
{"name":"hexo","hostname":"DESKTOP-5L7BGAJ","pid":63272,"level":20,"msg":"Processed: layout/_partial/sidebar.ejs","time":"2016-12-23T12:18:21.543Z","v":0}
{"name":"hexo","hostname":"DESKTOP-5L7BGAJ","pid":63272,"level":20,"msg":"Processed: layout/_widget/archive.ejs","time":"2016-12-23T12:18:21.543Z","v":0}
{"name":"hexo","hostname":"DESKTOP-5L7BGAJ","pid":63272,"level":20,"msg":"Processed: layout/_widget/category.ejs","time":"2016-12-23T12:18:21.543Z","v":0}
{"name":"hexo","hostname":"DESKTOP-5L7BGAJ","pid":63272,"level":20,"msg":"Processed: layout/_widget/recent_posts.ejs","time":"2016-12-23T12:18:21.543Z","v":0}
{"name":"hexo","hostname":"DESKTOP-5L7BGAJ","pid":63272,"level":20,"msg":"Processed: layout/_widget/tag.ejs","time":"2016-12-23T12:18:21.543Z","v":0}
{"name":"hexo","hostname":"DESKTOP-5L7BGAJ","pid":63272,"level":20,"msg":"Processed: layout/_widget/tagcloud.ejs","time":"2016-12-23T12:18:21.543Z","v":0}
{"name":"hexo","hostname":"DESKTOP-5L7BGAJ","pid":63272,"level":20,"msg":"Processed: source/css/fonts/fontawesome-webfont.ttf","time":"2016-12-23T12:18:21.545Z","v":0}
{"name":"hexo","hostname":"DESKTOP-5L7BGAJ","pid":63272,"level":20,"msg":"Processed: layout/_partial/post/category.ejs","time":"2016-12-23T12:18:21.549Z","v":0}
{"name":"hexo","hostname":"DESKTOP-5L7BGAJ","pid":63272,"level":20,"msg":"Processed: layout/_partial/post/gallery.ejs","time":"2016-12-23T12:18:21.549Z","v":0}
{"name":"hexo","hostname":"DESKTOP-5L7BGAJ","pid":63272,"level":20,"msg":"Processed: layout/_partial/post/date.ejs","time":"2016-12-23T12:18:21.549Z","v":0}
{"name":"hexo","hostname":"DESKTOP-5L7BGAJ","pid":63272,"level":20,"msg":"Processed: layout/_partial/post/nav.ejs","time":"2016-12-23T12:18:21.549Z","v":0}
{"name":"hexo","hostname":"DESKTOP-5L7BGAJ","pid":63272,"level":20,"msg":"Processed: layout/_partial/post/tag.ejs","time":"2016-12-23T12:18:21.549Z","v":0}
{"name":"hexo","hostname":"DESKTOP-5L7BGAJ","pid":63272,"level":20,"msg":"Processed: layout/_partial/post/title.ejs","time":"2016-12-23T12:18:21.549Z","v":0}
{"name":"hexo","hostname":"DESKTOP-5L7BGAJ","pid":63272,"level":20,"msg":"Processed: source/css/fonts/fontawesome-webfont.svg","time":"2016-12-23T12:18:21.550Z","v":0}
{"name":"hexo","hostname":"DESKTOP-5L7BGAJ","pid":63272,"level":20,"msg":"Processed: source/css/images/banner.jpg","time":"2016-12-23T12:18:21.550Z","v":0}
{"name":"hexo","hostname":"DESKTOP-5L7BGAJ","pid":63272,"level":20,"msg":"Generator: page","time":"2016-12-23T12:18:21.670Z","v":0}
{"name":"hexo","hostname":"DESKTOP-5L7BGAJ","pid":63272,"level":20,"msg":"Generator: post","time":"2016-12-23T12:18:21.670Z","v":0}
{"name":"hexo","hostname":"DESKTOP-5L7BGAJ","pid":63272,"level":20,"msg":"Generator: archive","time":"2016-12-23T12:18:21.670Z","v":0}
{"name":"hexo","hostname":"DESKTOP-5L7BGAJ","pid":63272,"level":20,"msg":"Generator: category","time":"2016-12-23T12:18:21.670Z","v":0}
{"name":"hexo","hostname":"DESKTOP-5L7BGAJ","pid":63272,"level":20,"msg":"Generator: feed","time":"2016-12-23T12:18:21.670Z","v":0}
{"name":"hexo","hostname":"DESKTOP-5L7BGAJ","pid":63272,"level":20,"msg":"Generator: index","time":"2016-12-23T12:18:21.670Z","v":0}
{"name":"hexo","hostname":"DESKTOP-5L7BGAJ","pid":63272,"level":20,"msg":"Generator: tag","time":"2016-12-23T12:18:21.670Z","v":0}
{"name":"hexo","hostname":"DESKTOP-5L7BGAJ","pid":63272,"level":20,"msg":"Generator: sitemap","time":"2016-12-23T12:18:21.671Z","v":0}
{"name":"hexo","hostname":"DESKTOP-5L7BGAJ","pid":63272,"level":20,"msg":"Generator: asset","time":"2016-12-23T12:18:21.671Z","v":0}
{"name":"hexo","hostname":"DESKTOP-5L7BGAJ","pid":63272,"level":30,"msg":"Hexo is running at http://localhost:4000/. Press Ctrl+C to stop.","time":"2016-12-23T12:18:21.676Z","v":0}
{"name":"hexo","hostname":"DESKTOP-5L7BGAJ","pid":63272,"level":20,"msg":"Database saved","time":"2016-12-23T12:18:21.687Z","v":0}
{"name":"hexo","hostname":"DESKTOP-5L7BGAJ","pid":63272,"level":20,"msg":"Rendering index: index.html","time":"2016-12-23T12:18:29.297Z","v":0}
